{"/home/greta/Documents/projet-psah/src/server.js": {"path":"/home/greta/Documents/projet-psah/src/server.js","statementMap":{"0":{"start":{"line":10,"column":0},"end":{"line":10,"column":15}},"1":{"start":{"line":12,"column":12},"end":{"line":12,"column":21}},"2":{"start":{"line":14,"column":23},"end":{"line":29,"column":1}},"3":{"start":{"line":31,"column":20},"end":{"line":31,"column":48}},"4":{"start":{"line":32,"column":0},"end":{"line":32,"column":61}},"5":{"start":{"line":34,"column":0},"end":{"line":34,"column":15}},"6":{"start":{"line":35,"column":0},"end":{"line":35,"column":23}},"7":{"start":{"line":37,"column":0},"end":{"line":37,"column":67}},"8":{"start":{"line":38,"column":0},"end":{"line":38,"column":32}},"9":{"start":{"line":39,"column":0},"end":{"line":39,"column":29}},"10":{"start":{"line":41,"column":13},"end":{"line":41,"column":37}},"11":{"start":{"line":42,"column":0},"end":{"line":42,"column":74}},"12":{"start":{"line":42,"column":23},"end":{"line":42,"column":73}}},"fnMap":{"0":{"name":"(anonymous_0)","decl":{"start":{"line":42,"column":17},"end":{"line":42,"column":18}},"loc":{"start":{"line":42,"column":23},"end":{"line":42,"column":73}},"line":42}},"branchMap":{"0":{"loc":{"start":{"line":24,"column":33},"end":{"line":24,"column":57}},"type":"binary-expr","locations":[{"start":{"line":24,"column":33},"end":{"line":24,"column":49}},{"start":{"line":24,"column":53},"end":{"line":24,"column":57}}],"line":24},"1":{"loc":{"start":{"line":41,"column":13},"end":{"line":41,"column":37}},"type":"binary-expr","locations":[{"start":{"line":41,"column":13},"end":{"line":41,"column":29}},{"start":{"line":41,"column":33},"end":{"line":41,"column":37}}],"line":41}},"s":{"0":0,"1":0,"2":0,"3":0,"4":0,"5":0,"6":0,"7":0,"8":0,"9":0,"10":0,"11":0,"12":0},"f":{"0":0},"b":{"0":[0,0],"1":[0,0]}}
,"/home/greta/Documents/projet-psah/src/config/prisma.js": {"path":"/home/greta/Documents/projet-psah/src/config/prisma.js","statementMap":{"0":{"start":{"line":3,"column":15},"end":{"line":3,"column":33}}},"fnMap":{},"branchMap":{},"s":{"0":1},"f":{},"b":{},"_coverageSchema":"1a1c01bbd47fc00a2c39e90264f33305004495a9","hash":"cdfde7cd870534150aea0b025ac5343af6690c8c"}
,"/home/greta/Documents/projet-psah/src/controllers/authController.js": {"path":"/home/greta/Documents/projet-psah/src/controllers/authController.js","statementMap":{"0":{"start":{"line":7,"column":4},"end":{"line":40,"column":5}},"1":{"start":{"line":8,"column":63},"end":{"line":8,"column":71}},"2":{"start":{"line":10,"column":25},"end":{"line":10,"column":52}},"3":{"start":{"line":11,"column":6},"end":{"line":16,"column":7}},"4":{"start":{"line":12,"column":8},"end":{"line":15,"column":11}},"5":{"start":{"line":18,"column":19},"end":{"line":18,"column":91}},"6":{"start":{"line":19,"column":6},"end":{"line":26,"column":9}},"7":{"start":{"line":28,"column":6},"end":{"line":28,"column":27}},"8":{"start":{"line":29,"column":6},"end":{"line":39,"column":7}},"9":{"start":{"line":30,"column":8},"end":{"line":33,"column":11}},"10":{"start":{"line":35,"column":8},"end":{"line":38,"column":11}},"11":{"start":{"line":44,"column":4},"end":{"line":70,"column":5}},"12":{"start":{"line":45,"column":34},"end":{"line":45,"column":42}},"13":{"start":{"line":46,"column":19},"end":{"line":46,"column":48}},"14":{"start":{"line":47,"column":6},"end":{"line":63,"column":7}},"15":{"start":{"line":48,"column":22},"end":{"line":48,"column":118}},"16":{"start":{"line":49,"column":8},"end":{"line":57,"column":11}},"17":{"start":{"line":59,"column":8},"end":{"line":62,"column":11}},"18":{"start":{"line":65,"column":6},"end":{"line":65,"column":27}},"19":{"start":{"line":66,"column":6},"end":{"line":69,"column":9}}},"fnMap":{"0":{"name":"(anonymous_0)","decl":{"start":{"line":6,"column":2},"end":{"line":6,"column":3}},"loc":{"start":{"line":6,"column":34},"end":{"line":41,"column":3}},"line":6},"1":{"name":"(anonymous_1)","decl":{"start":{"line":43,"column":2},"end":{"line":43,"column":3}},"loc":{"start":{"line":43,"column":31},"end":{"line":71,"column":3}},"line":43}},"branchMap":{"0":{"loc":{"start":{"line":11,"column":6},"end":{"line":16,"column":7}},"type":"if","locations":[{"start":{"line":11,"column":6},"end":{"line":16,"column":7}},{"start":{},"end":{}}],"line":11},"1":{"loc":{"start":{"line":29,"column":6},"end":{"line":39,"column":7}},"type":"if","locations":[{"start":{"line":29,"column":6},"end":{"line":39,"column":7}},{"start":{"line":34,"column":13},"end":{"line":39,"column":7}}],"line":29},"2":{"loc":{"start":{"line":47,"column":6},"end":{"line":63,"column":7}},"type":"if","locations":[{"start":{"line":47,"column":6},"end":{"line":63,"column":7}},{"start":{"line":58,"column":13},"end":{"line":63,"column":7}}],"line":47},"3":{"loc":{"start":{"line":47,"column":10},"end":{"line":47,"column":68}},"type":"binary-expr","locations":[{"start":{"line":47,"column":10},"end":{"line":47,"column":14}},{"start":{"line":47,"column":18},"end":{"line":47,"column":68}}],"line":47}},"s":{"0":0,"1":0,"2":0,"3":0,"4":0,"5":0,"6":0,"7":0,"8":0,"9":0,"10":0,"11":0,"12":0,"13":0,"14":0,"15":0,"16":0,"17":0,"18":0,"19":0},"f":{"0":0,"1":0},"b":{"0":[0,0],"1":[0,0],"2":[0,0],"3":[0,0]}}
,"/home/greta/Documents/projet-psah/src/controllers/roomController.js": {"path":"/home/greta/Documents/projet-psah/src/controllers/roomController.js","statementMap":{"0":{"start":{"line":5,"column":8},"end":{"line":37,"column":9}},"1":{"start":{"line":6,"column":23},"end":{"line":6,"column":44}},"2":{"start":{"line":8,"column":12},"end":{"line":13,"column":13}},"3":{"start":{"line":9,"column":16},"end":{"line":12,"column":18}},"4":{"start":{"line":15,"column":25},"end":{"line":15,"column":48}},"5":{"start":{"line":17,"column":12},"end":{"line":28,"column":13}},"6":{"start":{"line":18,"column":16},"end":{"line":20,"column":62}},"7":{"start":{"line":22,"column":16},"end":{"line":27,"column":18}},"8":{"start":{"line":32,"column":12},"end":{"line":32,"column":64}},"9":{"start":{"line":33,"column":12},"end":{"line":36,"column":14}}},"fnMap":{"0":{"name":"(anonymous_0)","decl":{"start":{"line":4,"column":4},"end":{"line":4,"column":5}},"loc":{"start":{"line":4,"column":41},"end":{"line":38,"column":5}},"line":4}},"branchMap":{"0":{"loc":{"start":{"line":8,"column":12},"end":{"line":13,"column":13}},"type":"if","locations":[{"start":{"line":8,"column":12},"end":{"line":13,"column":13}},{"start":{},"end":{}}],"line":8},"1":{"loc":{"start":{"line":17,"column":12},"end":{"line":28,"column":13}},"type":"if","locations":[{"start":{"line":17,"column":12},"end":{"line":28,"column":13}},{"start":{"line":21,"column":19},"end":{"line":28,"column":13}}],"line":17}},"s":{"0":0,"1":0,"2":0,"3":0,"4":0,"5":0,"6":0,"7":0,"8":0,"9":0},"f":{"0":0},"b":{"0":[0,0],"1":[0,0]}}
,"/home/greta/Documents/projet-psah/src/docs/swagger.js": {"path":"/home/greta/Documents/projet-psah/src/docs/swagger.js","statementMap":{"0":{"start":{"line":1,"column":21},"end":{"line":153,"column":3}}},"fnMap":{},"branchMap":{},"s":{"0":0},"f":{},"b":{}}
,"/home/greta/Documents/projet-psah/src/middleware/auth.js": {"path":"/home/greta/Documents/projet-psah/src/middleware/auth.js","statementMap":{"0":{"start":{"line":3,"column":33},"end":{"line":14,"column":1}},"1":{"start":{"line":4,"column":21},"end":{"line":4,"column":49}},"2":{"start":{"line":5,"column":16},"end":{"line":5,"column":54}},"3":{"start":{"line":7,"column":2},"end":{"line":7,"column":48}},"4":{"start":{"line":7,"column":21},"end":{"line":7,"column":48}},"5":{"start":{"line":9,"column":2},"end":{"line":13,"column":5}},"6":{"start":{"line":10,"column":4},"end":{"line":10,"column":40}},"7":{"start":{"line":10,"column":13},"end":{"line":10,"column":40}},"8":{"start":{"line":11,"column":4},"end":{"line":11,"column":20}},"9":{"start":{"line":12,"column":4},"end":{"line":12,"column":11}},"10":{"start":{"line":16,"column":25},"end":{"line":25,"column":1}},"11":{"start":{"line":17,"column":2},"end":{"line":24,"column":4}},"12":{"start":{"line":18,"column":4},"end":{"line":18,"column":46}},"13":{"start":{"line":18,"column":19},"end":{"line":18,"column":46}},"14":{"start":{"line":19,"column":4},"end":{"line":23,"column":5}},"15":{"start":{"line":20,"column":6},"end":{"line":20,"column":13}},"16":{"start":{"line":22,"column":6},"end":{"line":22,"column":56}}},"fnMap":{"0":{"name":"(anonymous_0)","decl":{"start":{"line":3,"column":33},"end":{"line":3,"column":34}},"loc":{"start":{"line":3,"column":53},"end":{"line":14,"column":1}},"line":3},"1":{"name":"(anonymous_1)","decl":{"start":{"line":9,"column":44},"end":{"line":9,"column":45}},"loc":{"start":{"line":9,"column":59},"end":{"line":13,"column":3}},"line":9},"2":{"name":"(anonymous_2)","decl":{"start":{"line":16,"column":25},"end":{"line":16,"column":26}},"loc":{"start":{"line":16,"column":36},"end":{"line":25,"column":1}},"line":16},"3":{"name":"(anonymous_3)","decl":{"start":{"line":17,"column":9},"end":{"line":17,"column":10}},"loc":{"start":{"line":17,"column":29},"end":{"line":24,"column":3}},"line":17}},"branchMap":{"0":{"loc":{"start":{"line":5,"column":16},"end":{"line":5,"column":54}},"type":"binary-expr","locations":[{"start":{"line":5,"column":16},"end":{"line":5,"column":26}},{"start":{"line":5,"column":30},"end":{"line":5,"column":54}}],"line":5},"1":{"loc":{"start":{"line":7,"column":2},"end":{"line":7,"column":48}},"type":"if","locations":[{"start":{"line":7,"column":2},"end":{"line":7,"column":48}},{"start":{},"end":{}}],"line":7},"2":{"loc":{"start":{"line":10,"column":4},"end":{"line":10,"column":40}},"type":"if","locations":[{"start":{"line":10,"column":4},"end":{"line":10,"column":40}},{"start":{},"end":{}}],"line":10},"3":{"loc":{"start":{"line":18,"column":4},"end":{"line":18,"column":46}},"type":"if","locations":[{"start":{"line":18,"column":4},"end":{"line":18,"column":46}},{"start":{},"end":{}}],"line":18},"4":{"loc":{"start":{"line":19,"column":4},"end":{"line":23,"column":5}},"type":"if","locations":[{"start":{"line":19,"column":4},"end":{"line":23,"column":5}},{"start":{"line":21,"column":11},"end":{"line":23,"column":5}}],"line":19}},"s":{"0":0,"1":0,"2":0,"3":0,"4":0,"5":0,"6":0,"7":0,"8":0,"9":0,"10":0,"11":0,"12":0,"13":0,"14":0,"15":0,"16":0},"f":{"0":0,"1":0,"2":0,"3":0},"b":{"0":[0,0],"1":[0,0],"2":[0,0],"3":[0,0],"4":[0,0]}}
,"/home/greta/Documents/projet-psah/src/models/roleModel.js": {"path":"/home/greta/Documents/projet-psah/src/models/roleModel.js","statementMap":{"0":{"start":{"line":5,"column":4},"end":{"line":7,"column":6}}},"fnMap":{"0":{"name":"(anonymous_0)","decl":{"start":{"line":4,"column":2},"end":{"line":4,"column":3}},"loc":{"start":{"line":4,"column":32},"end":{"line":8,"column":3}},"line":4}},"branchMap":{},"s":{"0":0},"f":{"0":0},"b":{}}
,"/home/greta/Documents/projet-psah/src/models/roomModel.js": {"path":"/home/greta/Documents/projet-psah/src/models/roomModel.js","statementMap":{"0":{"start":{"line":5,"column":8},"end":{"line":17,"column":10}}},"fnMap":{"0":{"name":"(anonymous_0)","decl":{"start":{"line":4,"column":4},"end":{"line":4,"column":5}},"loc":{"start":{"line":4,"column":35},"end":{"line":18,"column":5}},"line":4}},"branchMap":{},"s":{"0":1},"f":{"0":1},"b":{},"_coverageSchema":"1a1c01bbd47fc00a2c39e90264f33305004495a9","hash":"13ab87ad84246014c0d6cd42c3b09e6770984bd7"}
,"/home/greta/Documents/projet-psah/src/models/userModel.js": {"path":"/home/greta/Documents/projet-psah/src/models/userModel.js","statementMap":{"0":{"start":{"line":6,"column":27},"end":{"line":6,"column":58}},"1":{"start":{"line":7,"column":4},"end":{"line":15,"column":7}},"2":{"start":{"line":19,"column":4},"end":{"line":22,"column":7}},"3":{"start":{"line":26,"column":4},"end":{"line":26,"column":52}}},"fnMap":{"0":{"name":"(anonymous_0)","decl":{"start":{"line":5,"column":2},"end":{"line":5,"column":3}},"loc":{"start":{"line":5,"column":70},"end":{"line":16,"column":3}},"line":5},"1":{"name":"(anonymous_1)","decl":{"start":{"line":18,"column":2},"end":{"line":18,"column":3}},"loc":{"start":{"line":18,"column":34},"end":{"line":23,"column":3}},"line":18},"2":{"name":"(anonymous_2)","decl":{"start":{"line":25,"column":2},"end":{"line":25,"column":3}},"loc":{"start":{"line":25,"column":56},"end":{"line":27,"column":3}},"line":25}},"branchMap":{},"s":{"0":0,"1":0,"2":0,"3":0},"f":{"0":0,"1":0,"2":0},"b":{}}
,"/home/greta/Documents/projet-psah/src/routes/authRoutes.js": {"path":"/home/greta/Documents/projet-psah/src/routes/authRoutes.js","statementMap":{"0":{"start":{"line":4,"column":15},"end":{"line":4,"column":31}},"1":{"start":{"line":6,"column":0},"end":{"line":6,"column":49}},"2":{"start":{"line":7,"column":0},"end":{"line":7,"column":43}}},"fnMap":{},"branchMap":{},"s":{"0":0,"1":0,"2":0},"f":{},"b":{}}
,"/home/greta/Documents/projet-psah/src/routes/roomRoutes.js": {"path":"/home/greta/Documents/projet-psah/src/routes/roomRoutes.js","statementMap":{"0":{"start":{"line":4,"column":19},"end":{"line":4,"column":35}},"1":{"start":{"line":6,"column":0},"end":{"line":6,"column":54}}},"fnMap":{},"branchMap":{},"s":{"0":0,"1":0},"f":{},"b":{}}
}
