TN:
SF:src/server.js
FN:42,(anonymous_0)
FNF:1
FNH:0
FNDA:0,(anonymous_0)
DA:10,0
DA:12,0
DA:14,0
DA:31,0
DA:32,0
DA:34,0
DA:35,0
DA:37,0
DA:38,0
DA:39,0
DA:41,0
DA:42,0
LF:12
LH:0
BRDA:24,0,0,0
BRDA:24,0,1,0
BRDA:41,1,0,0
BRDA:41,1,1,0
BRF:4
BRH:0
end_of_record
TN:
SF:src/config/prisma.js
FNF:0
FNH:0
DA:3,1
LF:1
LH:1
BRF:0
BRH:0
end_of_record
TN:
SF:src/controllers/authController.js
FN:6,(anonymous_0)
FN:43,(anonymous_1)
FNF:2
FNH:0
FNDA:0,(anonymous_0)
FNDA:0,(anonymous_1)
DA:7,0
DA:8,0
DA:10,0
DA:11,0
DA:12,0
DA:18,0
DA:19,0
DA:28,0
DA:29,0
DA:30,0
DA:35,0
DA:44,0
DA:45,0
DA:46,0
DA:47,0
DA:48,0
DA:49,0
DA:59,0
DA:65,0
DA:66,0
LF:20
LH:0
BRDA:11,0,0,0
BRDA:11,0,1,0
BRDA:29,1,0,0
BRDA:29,1,1,0
BRDA:47,2,0,0
BRDA:47,2,1,0
BRDA:47,3,0,0
BRDA:47,3,1,0
BRF:8
BRH:0
end_of_record
TN:
SF:src/controllers/roomController.js
FN:4,(anonymous_0)
FNF:1
FNH:0
FNDA:0,(anonymous_0)
DA:5,0
DA:6,0
DA:8,0
DA:9,0
DA:15,0
DA:17,0
DA:18,0
DA:22,0
DA:32,0
DA:33,0
LF:10
LH:0
BRDA:8,0,0,0
BRDA:8,0,1,0
BRDA:17,1,0,0
BRDA:17,1,1,0
BRF:4
BRH:0
end_of_record
TN:
SF:src/docs/swagger.js
FNF:0
FNH:0
DA:1,0
LF:1
LH:0
BRF:0
BRH:0
end_of_record
TN:
SF:src/middleware/auth.js
FN:3,(anonymous_0)
FN:9,(anonymous_1)
FN:16,(anonymous_2)
FN:17,(anonymous_3)
FNF:4
FNH:0
FNDA:0,(anonymous_0)
FNDA:0,(anonymous_1)
FNDA:0,(anonymous_2)
FNDA:0,(anonymous_3)
DA:3,0
DA:4,0
DA:5,0
DA:7,0
DA:9,0
DA:10,0
DA:11,0
DA:12,0
DA:16,0
DA:17,0
DA:18,0
DA:19,0
DA:20,0
DA:22,0
LF:14
LH:0
BRDA:5,0,0,0
BRDA:5,0,1,0
BRDA:7,1,0,0
BRDA:7,1,1,0
BRDA:10,2,0,0
BRDA:10,2,1,0
BRDA:18,3,0,0
BRDA:18,3,1,0
BRDA:19,4,0,0
BRDA:19,4,1,0
BRF:10
BRH:0
end_of_record
TN:
SF:src/models/roleModel.js
FN:4,(anonymous_0)
FNF:1
FNH:0
FNDA:0,(anonymous_0)
DA:5,0
LF:1
LH:0
BRF:0
BRH:0
end_of_record
TN:
SF:src/models/roomModel.js
FN:4,(anonymous_0)
FNF:1
FNH:1
FNDA:1,(anonymous_0)
DA:5,1
LF:1
LH:1
BRF:0
BRH:0
end_of_record
TN:
SF:src/models/userModel.js
FN:5,(anonymous_0)
FN:18,(anonymous_1)
FN:25,(anonymous_2)
FNF:3
FNH:0
FNDA:0,(anonymous_0)
FNDA:0,(anonymous_1)
FNDA:0,(anonymous_2)
DA:6,0
DA:7,0
DA:19,0
DA:26,0
LF:4
LH:0
BRF:0
BRH:0
end_of_record
TN:
SF:src/routes/authRoutes.js
FNF:0
FNH:0
DA:4,0
DA:6,0
DA:7,0
LF:3
LH:0
BRF:0
BRH:0
end_of_record
TN:
SF:src/routes/roomRoutes.js
FNF:0
FNH:0
DA:4,0
DA:6,0
LF:2
LH:0
BRF:0
BRH:0
end_of_record
